<?xml version="1.0" encoding="UTF-8"?>
<testsuite xmlns:xsi="http://www.w3.org/2001/XMLSchema-instance" xsi:noNamespaceSchemaLocation="https://maven.apache.org/surefire/maven-surefire-plugin/xsd/surefire-test-report.xsd" name="com.cato.ApplicationTests" time="6.571" tests="7" errors="0" skipped="0" failures="0">
  <properties>
[...]
</properties>
  <testcase name="testSelectMeetingRoom" classname="com.cato.ApplicationTests" time="0.905"/>
  <testcase name="testApply" classname="com.cato.ApplicationTests" time="0.009"/>
  <testcase name="testDate" classname="com.cato.ApplicationTests" time="0.002"/>
  <testcase name="testMeetingRecordService" classname="com.cato.ApplicationTests" time="0.001"/>
  <testcase name="testSelectDepartment" classname="com.cato.ApplicationTests" time="0.01"/>
  <testcase name="contextLoads" classname="com.cato.ApplicationTests" time="0.004"/>
  <testcase name="testInsert" classname="com.cato.ApplicationTests" time="0.051"/>
</testsuite>